info it worked if it ends with ok
verbose cli [ 'node', '/usr/local/bin/npm', 'test' ]
info using npm@1.1.0-2
info using node@v0.6.7
verbose config file /Users/dscape/.npmrc
verbose config file /usr/local/etc/npmrc
verbose config file /Users/dscape/Desktop/dev/npm/npmrc
verbose caching /Users/dscape/Desktop/dev/node-cloudstack/package.json
verbose loadDefaults node-cloudstack@0.1.0
verbose run-script [ 'pretest', 'test', 'posttest' ]
info pretest node-cloudstack@0.1.0
info test node-cloudstack@0.1.0
verbose unsafe-perm in lifecycle true
silly exec sh "-c" "vows"
silly spawning [ 'sh',
silly spawning   [ '-c', 'vows' ],
silly spawning   '/Users/dscape/Desktop/dev/node-cloudstack' ]
info node-cloudstack@0.1.0 Failed to exec test script
ERR! node-cloudstack@0.1.0 test: `vows`
ERR! `sh "-c" "vows"` failed with 2
ERR! 
ERR! Failed at the node-cloudstack@0.1.0 test script.
ERR! This is most likely a problem with the node-cloudstack package,
ERR! not with npm itself.
ERR! Tell the author that this fails on your system:
ERR!     vows
ERR! You can get their info via:
ERR!     npm owner ls node-cloudstack
ERR! There is likely additional logging output above.
ERR! 
ERR! System Darwin 11.3.0
ERR! command "node" "/usr/local/bin/npm" "test"
ERR! cwd /Users/dscape/Desktop/dev/node-cloudstack
ERR! node -v v0.6.7
ERR! npm -v 1.1.0-2
ERR! code ELIFECYCLE
ERR! message node-cloudstack@0.1.0 test: `vows`
ERR! message `sh "-c" "vows"` failed with 2
ERR! errno {}
verbose exit [ 1, true ]
